<?xml version="1.0" encoding="UTF-8"?>
<!-- Generated by org.testng.reporters.JUnitXMLReporter -->
<testsuite ignored="0" hostname="TYSS-Chaithra" failures="0" tests="1" name="Test-Runner-Firefox" time="23.151" errors="0" timestamp="2024-01-09T11:19:50 IST">
  <testcase classname="contactsTests.CreateContactTest" name="createContactWithMandatoryInfo" time="11.486"/>
</testsuite> <!-- Test-Runner-Firefox -->
