<?xml version="1.0" encoding="UTF-8"?>
<!-- Generated by org.testng.reporters.JUnitXMLReporter -->
<testsuite ignored="0" hostname="TYSS-Chaithra" failures="0" tests="1" name="Test-Runner-2" time="21.629" errors="0" timestamp="2024-01-09T10:41:18 IST">
  <testcase classname="contactsTests.CreateContactWithLeadSourceTest" name="createContactWithLead" time="10.916"/>
</testsuite> <!-- Test-Runner-2 -->
