<?xml version="1.0" encoding="UTF-8"?>
<!-- Generated by org.testng.reporters.JUnitXMLReporter -->
<testsuite ignored="0" hostname="TYSS-Chaithra" failures="0" tests="1" name="Test-Runner-1" time="22.667" errors="0" timestamp="2024-01-09T10:41:19 IST">
  <testcase classname="contactsTests.CreateContactTest" name="createContactWithMandatoryInfo" time="10.39"/>
</testsuite> <!-- Test-Runner-1 -->
