<?xml version="1.0" encoding="UTF-8"?>
<!-- Generated by org.testng.reporters.JUnitReportReporter -->
<testsuite hostname="TYSS-Chaithra" failures="0" tests="1" name="practice.ReadDataFromCmdLine" time="0.005" errors="0" timestamp="2024-01-19T11:03:06 IST" skipped="0">
  <testcase classname="practice.ReadDataFromCmdLine" name="read" time="0.005"/>
  <system-out/>
</testsuite> <!-- practice.ReadDataFromCmdLine -->
