<?xml version="1.0" encoding="UTF-8"?>
<!-- Generated by org.testng.reporters.JUnitReportReporter -->
<testsuite hostname="TYSS-Chaithra" failures="0" tests="1" name="contactsTests.CreateContactWithLeadSourceTest" time="16.569" errors="0" timestamp="2024-01-09T10:41:19 IST" skipped="0">
  <testcase classname="contactsTests.CreateContactWithLeadSourceTest" name="createContactWithLead" time="16.569"/>
  <system-out/>
</testsuite> <!-- contactsTests.CreateContactWithLeadSourceTest -->
